<?xml version="1.0" encoding="UTF-8"?>
<!-- Generated by org.testng.reporters.JUnitReportReporter -->
<testsuite hostname="Krish" failures="0" tests="1" name="firstGetRequest" time="1.974" errors="0" timestamp="2025-01-27T18:58:21 IST" skipped="0">
  <testcase classname="firstGetRequest" name="testCase" time="1.974"/>
</testsuite> <!-- firstGetRequest -->
